<?xml version="1.0" encoding="UTF-8"?>
<testsuite name="test_send_product_tests.TestSendProduct-20230329145555" tests="64" file="test_send_product_tests.py" time="0.496" timestamp="2023-03-29T14:55:57" failures="0" errors="0" skipped="0">
	<testcase classname="test_send_product_tests.TestSendProduct" name="test_send_product_deletion_12" time="0.008" timestamp="2023-03-29T14:55:56"/>
	<testcase classname="test_send_product_tests.TestSendProduct" name="test_send_product_deletion_14" time="0.008" timestamp="2023-03-29T14:55:56"/>
	<testcase classname="test_send_product_tests.TestSendProduct" name="test_send_product_deletion_16" time="0.009" timestamp="2023-03-29T14:55:56"/>
	<testcase classname="test_send_product_tests.TestSendProduct" name="test_send_product_deletion_19" time="0.009" timestamp="2023-03-29T14:55:56"/>
	<testcase classname="test_send_product_tests.TestSendProduct" name="test_send_product_deletion_21" time="0.009" timestamp="2023-03-29T14:55:56"/>
	<testcase classname="test_send_product_tests.TestSendProduct" name="test_send_product_deletion_23" time="0.009" timestamp="2023-03-29T14:55:56"/>
	<testcase classname="test_send_product_tests.TestSendProduct" name="test_send_product_deletion_26" time="0.009" timestamp="2023-03-29T14:55:56"/>
	<testcase classname="test_send_product_tests.TestSendProduct" name="test_send_product_deletion_28" time="0.009" timestamp="2023-03-29T14:55:56"/>
	<testcase classname="test_send_product_tests.TestSendProduct" name="test_send_product_deletion_3" time="0.009" timestamp="2023-03-29T14:55:56"/>
	<testcase classname="test_send_product_tests.TestSendProduct" name="test_send_product_deletion_30" time="0.009" timestamp="2023-03-29T14:55:56"/>
	<testcase classname="test_send_product_tests.TestSendProduct" name="test_send_product_deletion_32" time="0.007" timestamp="2023-03-29T14:55:56"/>
	<testcase classname="test_send_product_tests.TestSendProduct" name="test_send_product_deletion_35" time="0.009" timestamp="2023-03-29T14:55:56"/>
	<testcase classname="test_send_product_tests.TestSendProduct" name="test_send_product_deletion_37" time="0.008" timestamp="2023-03-29T14:55:56"/>
	<testcase classname="test_send_product_tests.TestSendProduct" name="test_send_product_deletion_39" time="0.009" timestamp="2023-03-29T14:55:56"/>
	<testcase classname="test_send_product_tests.TestSendProduct" name="test_send_product_deletion_45" time="0.009" timestamp="2023-03-29T14:55:56"/>
	<testcase classname="test_send_product_tests.TestSendProduct" name="test_send_product_deletion_47" time="0.008" timestamp="2023-03-29T14:55:56"/>
	<testcase classname="test_send_product_tests.TestSendProduct" name="test_send_product_deletion_49" time="0.008" timestamp="2023-03-29T14:55:56"/>
	<testcase classname="test_send_product_tests.TestSendProduct" name="test_send_product_deletion_5" time="0.008" timestamp="2023-03-29T14:55:56"/>
	<testcase classname="test_send_product_tests.TestSendProduct" name="test_send_product_deletion_51" time="0.008" timestamp="2023-03-29T14:55:56"/>
	<testcase classname="test_send_product_tests.TestSendProduct" name="test_send_product_deletion_53" time="0.009" timestamp="2023-03-29T14:55:56"/>
	<testcase classname="test_send_product_tests.TestSendProduct" name="test_send_product_deletion_7" time="0.008" timestamp="2023-03-29T14:55:56"/>
	<testcase classname="test_send_product_tests.TestSendProduct" name="test_send_product_deletion_9" time="0.008" timestamp="2023-03-29T14:55:56"/>
	<testcase classname="test_send_product_tests.TestSendProduct" name="test_send_product_duplication_11" time="0.008" timestamp="2023-03-29T14:55:56"/>
	<testcase classname="test_send_product_tests.TestSendProduct" name="test_send_product_duplication_13" time="0.010" timestamp="2023-03-29T14:55:56"/>
	<testcase classname="test_send_product_tests.TestSendProduct" name="test_send_product_duplication_15" time="0.008" timestamp="2023-03-29T14:55:56"/>
	<testcase classname="test_send_product_tests.TestSendProduct" name="test_send_product_duplication_18" time="0.008" timestamp="2023-03-29T14:55:56"/>
	<testcase classname="test_send_product_tests.TestSendProduct" name="test_send_product_duplication_2" time="0.008" timestamp="2023-03-29T14:55:56"/>
	<testcase classname="test_send_product_tests.TestSendProduct" name="test_send_product_duplication_20" time="0.008" timestamp="2023-03-29T14:55:56"/>
	<testcase classname="test_send_product_tests.TestSendProduct" name="test_send_product_duplication_22" time="0.009" timestamp="2023-03-29T14:55:56"/>
	<testcase classname="test_send_product_tests.TestSendProduct" name="test_send_product_duplication_25" time="0.009" timestamp="2023-03-29T14:55:56"/>
	<testcase classname="test_send_product_tests.TestSendProduct" name="test_send_product_duplication_27" time="0.009" timestamp="2023-03-29T14:55:56"/>
	<testcase classname="test_send_product_tests.TestSendProduct" name="test_send_product_duplication_29" time="0.009" timestamp="2023-03-29T14:55:56"/>
	<testcase classname="test_send_product_tests.TestSendProduct" name="test_send_product_duplication_31" time="0.007" timestamp="2023-03-29T14:55:56"/>
	<testcase classname="test_send_product_tests.TestSendProduct" name="test_send_product_duplication_34" time="0.006" timestamp="2023-03-29T14:55:56"/>
	<testcase classname="test_send_product_tests.TestSendProduct" name="test_send_product_duplication_36" time="0.007" timestamp="2023-03-29T14:55:57"/>
	<testcase classname="test_send_product_tests.TestSendProduct" name="test_send_product_duplication_38" time="0.006" timestamp="2023-03-29T14:55:57"/>
	<testcase classname="test_send_product_tests.TestSendProduct" name="test_send_product_duplication_4" time="0.006" timestamp="2023-03-29T14:55:57"/>
	<testcase classname="test_send_product_tests.TestSendProduct" name="test_send_product_duplication_44_valid_2" time="0.007" timestamp="2023-03-29T14:55:57"/>
	<testcase classname="test_send_product_tests.TestSendProduct" name="test_send_product_duplication_46" time="0.007" timestamp="2023-03-29T14:55:57"/>
	<testcase classname="test_send_product_tests.TestSendProduct" name="test_send_product_duplication_48_valid_3" time="0.006" timestamp="2023-03-29T14:55:57"/>
	<testcase classname="test_send_product_tests.TestSendProduct" name="test_send_product_duplication_50" time="0.006" timestamp="2023-03-29T14:55:57"/>
	<testcase classname="test_send_product_tests.TestSendProduct" name="test_send_product_duplication_52" time="0.006" timestamp="2023-03-29T14:55:57"/>
	<testcase classname="test_send_product_tests.TestSendProduct" name="test_send_product_duplication_6" time="0.006" timestamp="2023-03-29T14:55:57"/>
	<testcase classname="test_send_product_tests.TestSendProduct" name="test_send_product_duplication_8" time="0.006" timestamp="2023-03-29T14:55:57"/>
	<testcase classname="test_send_product_tests.TestSendProduct" name="test_send_product_modification_10" time="0.006" timestamp="2023-03-29T14:55:57"/>
	<testcase classname="test_send_product_tests.TestSendProduct" name="test_send_product_modification_17" time="0.006" timestamp="2023-03-29T14:55:57"/>
	<testcase classname="test_send_product_tests.TestSendProduct" name="test_send_product_modification_24" time="0.006" timestamp="2023-03-29T14:55:57"/>
	<testcase classname="test_send_product_tests.TestSendProduct" name="test_send_product_modification_33" time="0.006" timestamp="2023-03-29T14:55:57"/>
	<testcase classname="test_send_product_tests.TestSendProduct" name="test_send_product_modification_40" time="0.006" timestamp="2023-03-29T14:55:57"/>
	<testcase classname="test_send_product_tests.TestSendProduct" name="test_send_product_modification_41" time="0.006" timestamp="2023-03-29T14:55:57"/>
	<testcase classname="test_send_product_tests.TestSendProduct" name="test_send_product_modification_42" time="0.006" timestamp="2023-03-29T14:55:57"/>
	<testcase classname="test_send_product_tests.TestSendProduct" name="test_send_product_modification_43" time="0.006" timestamp="2023-03-29T14:55:57"/>
	<testcase classname="test_send_product_tests.TestSendProduct" name="test_send_product_modification_54" time="0.006" timestamp="2023-03-29T14:55:57"/>
	<testcase classname="test_send_product_tests.TestSendProduct" name="test_send_product_modification_55" time="0.006" timestamp="2023-03-29T14:55:57"/>
	<testcase classname="test_send_product_tests.TestSendProduct" name="test_send_product_modification_56" time="0.006" timestamp="2023-03-29T14:55:57"/>
	<testcase classname="test_send_product_tests.TestSendProduct" name="test_send_product_modification_57" time="0.007" timestamp="2023-03-29T14:55:57"/>
	<testcase classname="test_send_product_tests.TestSendProduct" name="test_send_product_modification_58" time="0.006" timestamp="2023-03-29T14:55:57"/>
	<testcase classname="test_send_product_tests.TestSendProduct" name="test_send_product_modification_ce_61" time="0.008" timestamp="2023-03-29T14:55:57"/>
	<testcase classname="test_send_product_tests.TestSendProduct" name="test_send_product_modification_vl_59" time="0.009" timestamp="2023-03-29T14:55:57"/>
	<testcase classname="test_send_product_tests.TestSendProduct" name="test_send_product_modification_vl_60" time="0.008" timestamp="2023-03-29T14:55:57"/>
	<testcase classname="test_send_product_tests.TestSendProduct" name="test_send_product_modification_vl_62_valid_4" time="0.010" timestamp="2023-03-29T14:55:57"/>
	<testcase classname="test_send_product_tests.TestSendProduct" name="test_send_product_modification_vl_63_valid_5" time="0.009" timestamp="2023-03-29T14:55:57"/>
	<testcase classname="test_send_product_tests.TestSendProduct" name="test_send_product_modification_vl_64" time="0.008" timestamp="2023-03-29T14:55:57"/>
	<testcase classname="test_send_product_tests.TestSendProduct" name="test_send_product_valid_1" time="0.009" timestamp="2023-03-29T14:55:57"/>
</testsuite>
