<?xml version="1.0" encoding="UTF-8"?>
<testsuite name="test_deliver_product_tests.TestDeliverProduct-20230329145555" tests="17" file="test_deliver_product_tests.py" time="0.113" timestamp="2023-03-29T14:55:57" failures="0" errors="0" skipped="0">
	<testcase classname="test_deliver_product_tests.TestDeliverProduct" name="test_deliver_product_nok_10" time="0.009" timestamp="2023-03-29T14:55:57"/>
	<testcase classname="test_deliver_product_tests.TestDeliverProduct" name="test_deliver_product_nok_12" time="0.009" timestamp="2023-03-29T14:55:57"/>
	<testcase classname="test_deliver_product_tests.TestDeliverProduct" name="test_deliver_product_nok_2" time="0.001" timestamp="2023-03-29T14:55:57"/>
	<testcase classname="test_deliver_product_tests.TestDeliverProduct" name="test_deliver_product_nok_3" time="0.002" timestamp="2023-03-29T14:55:57"/>
	<testcase classname="test_deliver_product_tests.TestDeliverProduct" name="test_deliver_product_nok_4" time="0.002" timestamp="2023-03-29T14:55:57"/>
	<testcase classname="test_deliver_product_tests.TestDeliverProduct" name="test_deliver_product_nok_5" time="0.002" timestamp="2023-03-29T14:55:57"/>
	<testcase classname="test_deliver_product_tests.TestDeliverProduct" name="test_deliver_product_nok_6" time="0.001" timestamp="2023-03-29T14:55:57"/>
	<testcase classname="test_deliver_product_tests.TestDeliverProduct" name="test_deliver_product_nok_8" time="0.002" timestamp="2023-03-29T14:55:57"/>
	<testcase classname="test_deliver_product_tests.TestDeliverProduct" name="test_deliver_product_nok_9" time="0.007" timestamp="2023-03-29T14:55:57"/>
	<testcase classname="test_deliver_product_tests.TestDeliverProduct" name="test_deliver_product_ok_1" time="0.008" timestamp="2023-03-29T14:55:57"/>
	<testcase classname="test_deliver_product_tests.TestDeliverProduct" name="test_deliver_product_ok_11" time="0.009" timestamp="2023-03-29T14:55:57"/>
	<testcase classname="test_deliver_product_tests.TestDeliverProduct" name="test_deliver_product_ok_13" time="0.015" timestamp="2023-03-29T14:55:57"/>
	<testcase classname="test_deliver_product_tests.TestDeliverProduct" name="test_deliver_product_ok_14" time="0.009" timestamp="2023-03-29T14:55:57"/>
	<testcase classname="test_deliver_product_tests.TestDeliverProduct" name="test_deliver_product_ok_15" time="0.009" timestamp="2023-03-29T14:55:57"/>
	<testcase classname="test_deliver_product_tests.TestDeliverProduct" name="test_deliver_product_ok_16" time="0.009" timestamp="2023-03-29T14:55:57"/>
	<testcase classname="test_deliver_product_tests.TestDeliverProduct" name="test_deliver_product_ok_17" time="0.009" timestamp="2023-03-29T14:55:57"/>
	<testcase classname="test_deliver_product_tests.TestDeliverProduct" name="test_deliver_product_ok_7" time="0.008" timestamp="2023-03-29T14:55:57"/>
</testsuite>
